F:\GL-PROJECT\GL8-2UNIFROM\GL8-2UNIFROM\DEBUG\LOADSHADERS.OBJ
F:\GL-PROJECT\GL8-2UNIFROM\GL8-2UNIFROM\DEBUG\QRC_UNIFORM.OBJ
F:\GL-PROJECT\GL8-2UNIFROM\GL8-2UNIFROM\DEBUG\VC110.PDB
F:\GL-PROJECT\GL8-2UNIFROM\GL8-2UNIFROM\DEBUG\MAIN.OBJ
F:\GL-PROJECT\GL8-2UNIFROM\GL8-2UNIFROM\DEBUG\MOC_UNIFORM.OBJ
F:\GL-PROJECT\GL8-2UNIFROM\GL8-2UNIFROM\DEBUG\UNIFORM.OBJ
F:\GL-PROJECT\GL8-2UNIFROM\GL8-2UNIFROM\GENERATEDFILES\UI_UNIFORM.H
F:\GL-PROJECT\GL8-2UNIFROM\GL8-2UNIFROM\GENERATEDFILES\QRC_UNIFORM.CPP
F:\GL-PROJECT\GL8-2UNIFROM\GL8-2UNIFROM\GENERATEDFILES\DEBUG\MOC_UNIFORM.CPP
F:\GL-PROJECT\GL8-2UNIFROM\WIN32\DEBUG\GL8-2UNIFROM.ILK
F:\GL-PROJECT\GL8-2UNIFROM\WIN32\DEBUG\GL8-2UNIFROM.EXE
F:\GL-PROJECT\GL8-2UNIFROM\WIN32\DEBUG\GL8-2UNIFROM.PDB
F:\GL-project\gl8-2unifrom\gl8-2unifrom\Debug\LoadShaders.obj
F:\GL-project\gl8-2unifrom\gl8-2unifrom\Debug\main.obj
F:\GL-project\gl8-2unifrom\gl8-2unifrom\Debug\moc_uniform.obj
F:\GL-project\gl8-2unifrom\gl8-2unifrom\Debug\qrc_uniform.obj
F:\GL-project\gl8-2unifrom\gl8-2unifrom\Debug\uniform.obj
F:\GL-project\gl8-2unifrom\gl8-2unifrom\Debug\cl.command.1.tlog
F:\GL-project\gl8-2unifrom\gl8-2unifrom\Debug\CL.read.1.tlog
F:\GL-project\gl8-2unifrom\gl8-2unifrom\Debug\CL.write.1.tlog
F:\GL-project\gl8-2unifrom\gl8-2unifrom\Debug\custombuild.command.1.tlog
F:\GL-project\gl8-2unifrom\gl8-2unifrom\Debug\custombuild.read.1.tlog
F:\GL-project\gl8-2unifrom\gl8-2unifrom\Debug\custombuild.write.1.tlog
F:\GL-project\gl8-2unifrom\gl8-2unifrom\Debug\link-cvtres.read.1.tlog
F:\GL-project\gl8-2unifrom\gl8-2unifrom\Debug\link-cvtres.write.1.tlog
F:\GL-project\gl8-2unifrom\gl8-2unifrom\Debug\link-rc.read.1.tlog
F:\GL-project\gl8-2unifrom\gl8-2unifrom\Debug\link-rc.write.1.tlog
F:\GL-project\gl8-2unifrom\gl8-2unifrom\Debug\link.10404-cvtres.read.1.tlog
F:\GL-project\gl8-2unifrom\gl8-2unifrom\Debug\link.10404-cvtres.write.1.tlog
F:\GL-project\gl8-2unifrom\gl8-2unifrom\Debug\link.10404-rc.read.1.tlog
F:\GL-project\gl8-2unifrom\gl8-2unifrom\Debug\link.10404-rc.write.1.tlog
F:\GL-project\gl8-2unifrom\gl8-2unifrom\Debug\link.10404.read.1.tlog
F:\GL-project\gl8-2unifrom\gl8-2unifrom\Debug\link.10404.write.1.tlog
F:\GL-project\gl8-2unifrom\gl8-2unifrom\Debug\link.command.1.tlog
F:\GL-project\gl8-2unifrom\gl8-2unifrom\Debug\link.read.1.tlog
F:\GL-project\gl8-2unifrom\gl8-2unifrom\Debug\link.write.1.tlog
F:\GL-project\gl8-2unifrom\gl8-2unifrom\Debug\vc110.pdb
