F:\GL-PROJECT\GL8-3BUFFERSUBDATA\GL8-3BUFFERSUBDATA\DEBUG\MAIN.OBJ
F:\GL-PROJECT\GL8-3BUFFERSUBDATA\GL8-3BUFFERSUBDATA\DEBUG\LOADSHADERS.OBJ
F:\GL-PROJECT\GL8-3BUFFERSUBDATA\GL8-3BUFFERSUBDATA\DEBUG\MOC_BSD.OBJ
F:\GL-PROJECT\GL8-3BUFFERSUBDATA\GL8-3BUFFERSUBDATA\DEBUG\BSD.OBJ
F:\GL-PROJECT\GL8-3BUFFERSUBDATA\GL8-3BUFFERSUBDATA\DEBUG\VC110.PDB
F:\GL-PROJECT\GL8-3BUFFERSUBDATA\GL8-3BUFFERSUBDATA\DEBUG\QRC_BSD.OBJ
F:\GL-PROJECT\GL8-3BUFFERSUBDATA\GL8-3BUFFERSUBDATA\GENERATEDFILES\DEBUG\MOC_BSD.CPP
F:\GL-PROJECT\GL8-3BUFFERSUBDATA\GL8-3BUFFERSUBDATA\GENERATEDFILES\UI_BSD.H
F:\GL-PROJECT\GL8-3BUFFERSUBDATA\GL8-3BUFFERSUBDATA\GENERATEDFILES\QRC_BSD.CPP
F:\GL-PROJECT\GL8-3BUFFERSUBDATA\WIN32\DEBUG\GL8-3BUFFERSUBDATA.ILK
F:\GL-PROJECT\GL8-3BUFFERSUBDATA\WIN32\DEBUG\GL8-3BUFFERSUBDATA.EXE
F:\GL-PROJECT\GL8-3BUFFERSUBDATA\WIN32\DEBUG\GL8-3BUFFERSUBDATA.PDB
F:\GL-project\gl8-3BufferSubData\gl8-3BufferSubData\Debug\bsd.obj
F:\GL-project\gl8-3BufferSubData\gl8-3BufferSubData\Debug\LoadShaders.obj
F:\GL-project\gl8-3BufferSubData\gl8-3BufferSubData\Debug\main.obj
F:\GL-project\gl8-3BufferSubData\gl8-3BufferSubData\Debug\moc_bsd.obj
F:\GL-project\gl8-3BufferSubData\gl8-3BufferSubData\Debug\qrc_bsd.obj
F:\GL-project\gl8-3BufferSubData\gl8-3BufferSubData\Debug\cl.command.1.tlog
F:\GL-project\gl8-3BufferSubData\gl8-3BufferSubData\Debug\CL.read.1.tlog
F:\GL-project\gl8-3BufferSubData\gl8-3BufferSubData\Debug\CL.write.1.tlog
F:\GL-project\gl8-3BufferSubData\gl8-3BufferSubData\Debug\custombuild.command.1.tlog
F:\GL-project\gl8-3BufferSubData\gl8-3BufferSubData\Debug\custombuild.read.1.tlog
F:\GL-project\gl8-3BufferSubData\gl8-3BufferSubData\Debug\custombuild.write.1.tlog
F:\GL-project\gl8-3BufferSubData\gl8-3BufferSubData\Debug\link-cvtres.read.1.tlog
F:\GL-project\gl8-3BufferSubData\gl8-3BufferSubData\Debug\link-cvtres.write.1.tlog
F:\GL-project\gl8-3BufferSubData\gl8-3BufferSubData\Debug\link-rc.read.1.tlog
F:\GL-project\gl8-3BufferSubData\gl8-3BufferSubData\Debug\link-rc.write.1.tlog
F:\GL-project\gl8-3BufferSubData\gl8-3BufferSubData\Debug\link.command.1.tlog
F:\GL-project\gl8-3BufferSubData\gl8-3BufferSubData\Debug\link.read.1.tlog
F:\GL-project\gl8-3BufferSubData\gl8-3BufferSubData\Debug\link.write.1.tlog
F:\GL-project\gl8-3BufferSubData\gl8-3BufferSubData\Debug\vc110.pdb
