F:\GL-PROJECT\GL8-3INSTANCEDRENDER\GL8-3INSTANCEDRENDER\DEBUG\VBM.OBJ
F:\GL-PROJECT\GL8-3INSTANCEDRENDER\GL8-3INSTANCEDRENDER\DEBUG\MAIN.OBJ
F:\GL-PROJECT\GL8-3INSTANCEDRENDER\GL8-3INSTANCEDRENDER\DEBUG\LOADSHADERS.OBJ
F:\GL-PROJECT\GL8-3INSTANCEDRENDER\GL8-3INSTANCEDRENDER\DEBUG\INSTANCEDRENDER.OBJ
F:\GL-PROJECT\GL8-3INSTANCEDRENDER\GL8-3INSTANCEDRENDER\DEBUG\MOC_INSTANCEDRENDER.OBJ
F:\GL-PROJECT\GL8-3INSTANCEDRENDER\GL8-3INSTANCEDRENDER\DEBUG\VC110.PDB
F:\GL-PROJECT\GL8-3INSTANCEDRENDER\GL8-3INSTANCEDRENDER\DEBUG\QRC_INSTANCEDRENDER.OBJ
F:\GL-PROJECT\GL8-3INSTANCEDRENDER\GL8-3INSTANCEDRENDER\GENERATEDFILES\DEBUG\MOC_INSTANCEDRENDER.CPP
F:\GL-PROJECT\GL8-3INSTANCEDRENDER\GL8-3INSTANCEDRENDER\GENERATEDFILES\UI_INSTANCEDRENDER.H
F:\GL-PROJECT\GL8-3INSTANCEDRENDER\GL8-3INSTANCEDRENDER\GENERATEDFILES\QRC_INSTANCEDRENDER.CPP
F:\GL-PROJECT\GL8-3INSTANCEDRENDER\WIN32\DEBUG\GL8-3INSTANCEDRENDER.ILK
F:\GL-PROJECT\GL8-3INSTANCEDRENDER\WIN32\DEBUG\GL8-3INSTANCEDRENDER.EXE
F:\GL-PROJECT\GL8-3INSTANCEDRENDER\WIN32\DEBUG\GL8-3INSTANCEDRENDER.PDB
F:\GL-project\gl8-3InstancedRender\gl8-3InstancedRender\Debug\instancedrender.obj
F:\GL-project\gl8-3InstancedRender\gl8-3InstancedRender\Debug\LoadShaders.obj
F:\GL-project\gl8-3InstancedRender\gl8-3InstancedRender\Debug\main.obj
F:\GL-project\gl8-3InstancedRender\gl8-3InstancedRender\Debug\moc_instancedrender.obj
F:\GL-project\gl8-3InstancedRender\gl8-3InstancedRender\Debug\qrc_instancedrender.obj
F:\GL-project\gl8-3InstancedRender\gl8-3InstancedRender\Debug\vbm.obj
F:\GL-project\gl8-3InstancedRender\gl8-3InstancedRender\Debug\cl.command.1.tlog
F:\GL-project\gl8-3InstancedRender\gl8-3InstancedRender\Debug\CL.read.1.tlog
F:\GL-project\gl8-3InstancedRender\gl8-3InstancedRender\Debug\CL.write.1.tlog
F:\GL-project\gl8-3InstancedRender\gl8-3InstancedRender\Debug\custombuild.command.1.tlog
F:\GL-project\gl8-3InstancedRender\gl8-3InstancedRender\Debug\custombuild.read.1.tlog
F:\GL-project\gl8-3InstancedRender\gl8-3InstancedRender\Debug\custombuild.write.1.tlog
F:\GL-project\gl8-3InstancedRender\gl8-3InstancedRender\Debug\FXC.command.1.tlog
F:\GL-project\gl8-3InstancedRender\gl8-3InstancedRender\Debug\fxc.read.1.tlog
F:\GL-project\gl8-3InstancedRender\gl8-3InstancedRender\Debug\FXC.write.1.tlog
F:\GL-project\gl8-3InstancedRender\gl8-3InstancedRender\Debug\link-cvtres.read.1.tlog
F:\GL-project\gl8-3InstancedRender\gl8-3InstancedRender\Debug\link-cvtres.write.1.tlog
F:\GL-project\gl8-3InstancedRender\gl8-3InstancedRender\Debug\link-rc.read.1.tlog
F:\GL-project\gl8-3InstancedRender\gl8-3InstancedRender\Debug\link-rc.write.1.tlog
F:\GL-project\gl8-3InstancedRender\gl8-3InstancedRender\Debug\link.command.1.tlog
F:\GL-project\gl8-3InstancedRender\gl8-3InstancedRender\Debug\link.read.1.tlog
F:\GL-project\gl8-3InstancedRender\gl8-3InstancedRender\Debug\link.write.1.tlog
F:\GL-project\gl8-3InstancedRender\gl8-3InstancedRender\Debug\vc110.pdb
